{
  "stats": {
    "suites": 1,
    "tests": 1,
    "passes": 1,
    "pending": 0,
    "failures": 0,
    "start": "2020-12-03T18:08:45.577Z",
    "end": "2020-12-03T18:09:16.906Z",
    "duration": 31329,
    "testsRegistered": 1,
    "passPercent": 100,
    "pendingPercent": 0,
    "other": 0,
    "hasOther": false,
    "skipped": 0,
    "hasSkipped": false
  },
  "results": [
    {
      "uuid": "90c7fbce-5803-4d11-b14b-c01b251f59b5",
      "title": "",
      "fullFile": "",
      "file": "",
      "beforeHooks": [],
      "afterHooks": [],
      "tests": [],
      "suites": [
        {
          "uuid": "9f468d70-0e69-4120-8e0d-45a10ea243e9",
          "title": "Testing Login page",
          "fullFile": "C:\\Users\\krasi\\Desktop\\Нова папка\\TestLoginPMS_TS\\TestLoginPMS\\test.ts",
          "file": "\\test.ts",
          "beforeHooks": [
            {
              "title": "\"before each\" hook in \"Testing Login page\"",
              "fullTitle": "Testing Login page \"before each\" hook in \"Testing Login page\"",
              "timedOut": false,
              "duration": 29434,
              "state": null,
              "speed": null,
              "pass": false,
              "fail": false,
              "pending": false,
              "context": null,
              "code": "return __awaiter(this, void 0, void 0, function () {\n    var driver;\n    return __generator(this, function (_a) {\n        switch (_a.label) {\n            case 0: return [4 /*yield*/, new selenium_webdriver_1.Builder().forBrowser('chrome').build()];\n            case 1:\n                driver = _a.sent();\n                return [4 /*yield*/, driver.get(\"http://localhost:4200/\")];\n            case 2:\n                _a.sent();\n                return [2 /*return*/];\n        }\n    });\n});",
              "err": {},
              "uuid": "434ac192-dff1-402a-9f76-8ed7c3a847f5",
              "parentUUID": "9f468d70-0e69-4120-8e0d-45a10ea243e9",
              "isHook": true,
              "skipped": false
            }
          ],
          "afterHooks": [
            {
              "title": "\"after each\" hook in \"Testing Login page\"",
              "fullTitle": "Testing Login page \"after each\" hook in \"Testing Login page\"",
              "timedOut": false,
              "duration": 1812,
              "state": null,
              "speed": null,
              "pass": false,
              "fail": false,
              "pending": false,
              "context": null,
              "code": "return __awaiter(this, void 0, void 0, function () {\n    return __generator(this, function (_a) {\n        switch (_a.label) {\n            case 0: return [4 /*yield*/, driver.sleep(1500)];\n            case 1:\n                _a.sent();\n                return [4 /*yield*/, driver.quit()];\n            case 2:\n                _a.sent();\n                return [2 /*return*/];\n        }\n    });\n});",
              "err": {},
              "uuid": "043d2740-a075-4076-bff2-39b383661e0e",
              "parentUUID": "9f468d70-0e69-4120-8e0d-45a10ea243e9",
              "isHook": true,
              "skipped": false
            }
          ],
          "tests": [
            {
              "title": "Image should exist on Login page",
              "fullTitle": "Testing Login page Image should exist on Login page",
              "timedOut": false,
              "duration": 1,
              "state": "passed",
              "speed": "fast",
              "pass": true,
              "fail": false,
              "pending": false,
              "context": null,
              "code": "return __awaiter(this, void 0, void 0, function () {\n    var imageLoginPage;\n    return __generator(this, function (_a) {\n        imageLoginPage = driver.findElement(selenium_webdriver_1.By.xpath(\"//*[@id='slick-slide09']/div/img\"));\n        imageLoginPage.getAttribute(\"src\").then(function (result) {\n            console.log(result);\n            //assert.strictEqual(\"http://localhost:4200/assets/css/images/login-slide-image-1.png\", result);\n        });\n        return [2 /*return*/];\n    });\n});",
              "err": {},
              "uuid": "4f2629db-a04b-4814-a238-9cf099203f36",
              "parentUUID": "9f468d70-0e69-4120-8e0d-45a10ea243e9",
              "isHook": false,
              "skipped": false
            }
          ],
          "suites": [],
          "passes": [
            "4f2629db-a04b-4814-a238-9cf099203f36"
          ],
          "failures": [],
          "pending": [],
          "skipped": [],
          "duration": 1,
          "root": false,
          "rootEmpty": false,
          "_timeout": 50000
        }
      ],
      "passes": [],
      "failures": [],
      "pending": [],
      "skipped": [],
      "duration": 0,
      "root": true,
      "rootEmpty": true,
      "_timeout": 90000
    }
  ],
  "meta": {
    "mocha": {
      "version": "8.2.1"
    },
    "mochawesome": {
      "options": {
        "quiet": false,
        "reportFilename": "mochawesome",
        "saveHtml": true,
        "saveJson": true,
        "consoleReporter": "spec",
        "useInlineDiffs": false,
        "code": true
      },
      "version": "6.2.1"
    },
    "marge": {
      "options": {
        "reportDir": "ReportDirectory",
        "": true
      },
      "version": "5.1.0"
    }
  }
}